Filter/Effect/Audio	audioamplify
Filter/Effect/Audio	audiochebband
Filter/Effect/Audio	audiocheblimit
Filter/Effect/Audio	audiodynamic
Filter/Effect/Audio	audioecho
Filter/Effect/Audio	audiofirfilter
Filter/Effect/Audio	audioiirfilter
Filter/Effect/Audio	audioinvert
Filter/Effect/Audio	audiokaraoke
Filter/Effect/Audio	audiopanorama
Filter/Effect/Audio	audiorate
Filter/Effect/Audio	audiowsincband
Filter/Effect/Audio	audiowsinclimit
Filter/Effect/Audio	equalizer-10bands
Filter/Effect/Audio	equalizer-3bands
Filter/Effect/Audio	equalizer-nbands
Filter/Effect/Audio	festival
Filter/Effect/Audio	freeverb
Filter/Effect/Audio	pitch
Filter/Effect/Audio	removesilence
Filter/Effect/Audio	rglimiter
Filter/Effect/Audio	rgvolume
Filter/Effect/Audio	spanplc
Filter/Effect/Audio	speed
Filter/Effect/Audio	stereo
Filter/Effect/Audio	volume
Filter/Effect/Rate	scaletempo
Filter/Effect/Video	agingtv
Filter/Effect/Video	alpha
Filter/Effect/Video	aspectratiocrop
Filter/Effect/Video	burn
Filter/Effect/Video	chromahold
Filter/Effect/Video	chromium
Filter/Effect/Video	coloreffects
Filter/Effect/Video	dicetv
Filter/Effect/Video	dilate
Filter/Effect/Video	dodge
Filter/Effect/Video	edgetv
Filter/Effect/Video	exclusion
Filter/Effect/Video	gamma
Filter/Effect/Video	gaussianblur
Filter/Effect/Video	gdkpixbufoverlay
Filter/Effect/Video	glcolorbalance
Filter/Effect/Video	glcolorscale
Filter/Effect/Video	gldifferencematte
Filter/Effect/Video	gleffects
Filter/Effect/Video	gleffects_blur
Filter/Effect/Video	gleffects_bulge
Filter/Effect/Video	gleffects_fisheye
Filter/Effect/Video	gleffects_glow
Filter/Effect/Video	gleffects_heat
Filter/Effect/Video	gleffects_identity
Filter/Effect/Video	gleffects_laplacian
Filter/Effect/Video	gleffects_lumaxpro
Filter/Effect/Video	gleffects_mirror
Filter/Effect/Video	gleffects_sepia
Filter/Effect/Video	gleffects_sin
Filter/Effect/Video	gleffects_sobel
Filter/Effect/Video	gleffects_square
Filter/Effect/Video	gleffects_squeeze
Filter/Effect/Video	gleffects_stretch
Filter/Effect/Video	gleffects_tunnel
Filter/Effect/Video	gleffects_twirl
Filter/Effect/Video	gleffects_xpro
Filter/Effect/Video	gleffects_xray
Filter/Effect/Video	glfiltercube
Filter/Effect/Video	glfilterglass
Filter/Effect/Video	glmosaic
Filter/Effect/Video	gloverlay
Filter/Effect/Video	glstereomix
Filter/Effect/Video	gltransformation
Filter/Effect/Video	glvideoflip
Filter/Effect/Video	navigationtest
Filter/Effect/Video	optv
Filter/Effect/Video	quarktv
Filter/Effect/Video	radioactv
Filter/Effect/Video	revtv
Filter/Effect/Video	rippletv
Filter/Effect/Video	shagadelictv
Filter/Effect/Video	simplevideomark
Filter/Effect/Video	simplevideomarkdetect
Filter/Effect/Video	smooth
Filter/Effect/Video	solarize
Filter/Effect/Video	streaktv
Filter/Effect/Video	vertigotv
Filter/Effect/Video	videobalance
Filter/Effect/Video	videobox
Filter/Effect/Video	videocrop
Filter/Effect/Video	videoflip
Filter/Effect/Video	videomedian
Filter/Effect/Video	videorate
Filter/Effect/Video	warptv
Filter/Effect/Video/Compositor	glvideomixerelement
Filter/Effect/Video/Deinterlace	avdeinterlace
Filter/Effect/Video/Deinterlace	deinterlace
